<?xml version="1.0" encoding="UTF-8"?>
<!-- Generated by org.testng.reporters.JUnitReportReporter -->
<testsuite hostname="DESKTOP-VNJA5NF" failures="0" tests="1" name="test.NewTest" time="3.915" errors="0" timestamp="2022-10-06T17:06:11 IST" skipped="0">
  <testcase classname="test.NewTest" name="f" time="3.915"/>
  <system-out/>
</testsuite> <!-- test.NewTest -->
