<?xml version="1.0" encoding="UTF-8"?>
<!-- Generated by org.testng.reporters.JUnitReportReporter -->
<testsuite hostname="DESKTOP-VNJA5NF" failures="0" tests="1" name="test.NewTest" time="2.115" errors="0" timestamp="2022-10-06T16:11:32 IST" skipped="0">
  <testcase classname="test.NewTest" name="f" time="2.115"/>
  <system-out/>
</testsuite> <!-- test.NewTest -->
